<?xml version="1.0" encoding="UTF-8"?>
<testsuite name="exercism.medium.FlattenerTest" tests="6" skipped="0" failures="0" errors="0" timestamp="2021-11-20T21:33:12" hostname="LAPTOP-CEEK0J9S" time="0.036">
  <properties/>
  <testcase name="flattens6LevelNestedList" classname="exercism.medium.FlattenerTest" time="0.032"/>
  <testcase name="allNullNestedListReturnsEmptyList" classname="exercism.medium.FlattenerTest" time="0.001"/>
  <testcase name="flattens5LevelNestedList" classname="exercism.medium.FlattenerTest" time="0.0"/>
  <testcase name="flatListIsUnchanged" classname="exercism.medium.FlattenerTest" time="0.0"/>
  <testcase name="flattens2LevelNestedList" classname="exercism.medium.FlattenerTest" time="0.001"/>
  <testcase name="flattens6LevelNestedListWithNulls" classname="exercism.medium.FlattenerTest" time="0.001"/>
  <system-out><![CDATA[]]></system-out>
  <system-err><![CDATA[]]></system-err>
</testsuite>
