<?xml version="1.0" encoding="UTF-8"?>
<testsuite name="exercism.medium.AnagramTest" tests="14" skipped="0" failures="0" errors="0" timestamp="2021-11-16T05:15:45" hostname="LAPTOP-CEEK0J9S" time="0.041">
  <properties/>
  <testcase name="detects anagrams case-insensitively" classname="exercism.medium.AnagramTest" time="0.031"/>
  <testcase name="detects two anagrams" classname="exercism.medium.AnagramTest" time="0.002"/>
  <testcase name="anagrams must use all letters exactly once" classname="exercism.medium.AnagramTest" time="0.003"/>
  <testcase name="detects three anagrams" classname="exercism.medium.AnagramTest" time="0.0"/>
  <testcase name="detects anagram" classname="exercism.medium.AnagramTest" time="0.0"/>
  <testcase name="words other than themselves can be anagrams" classname="exercism.medium.AnagramTest" time="0.0"/>
  <testcase name="detects anagrams using case-insensitive subject" classname="exercism.medium.AnagramTest" time="0.0"/>
  <testcase name="words are not anagrams of themselves (case-insensitive)" classname="exercism.medium.AnagramTest" time="0.0"/>
  <testcase name="does not detect anagram subsets" classname="exercism.medium.AnagramTest" time="0.0"/>
  <testcase name="detects anagrams using case-insensitive possible matches" classname="exercism.medium.AnagramTest" time="0.0"/>
  <testcase name="does not detect non-anagrams with identical checksum" classname="exercism.medium.AnagramTest" time="0.0"/>
  <testcase name="does not detect an anagram if the original word is repeated" classname="exercism.medium.AnagramTest" time="0.0"/>
  <testcase name="detects multiple anagrams with different case" classname="exercism.medium.AnagramTest" time="0.0"/>
  <testcase name="no matches" classname="exercism.medium.AnagramTest" time="0.0"/>
  <system-out><![CDATA[]]></system-out>
  <system-err><![CDATA[]]></system-err>
</testsuite>
