<?xml version="1.0" encoding="UTF-8"?>
<testsuite name="exercism.medium.WordCountTest" tests="13" skipped="0" failures="0" errors="0" timestamp="2021-10-22T22:03:39" hostname="LAPTOP-CEEK0J9S" time="0.03">
  <properties/>
  <testcase name="numbers are allowed" classname="exercism.medium.WordCountTest" time="0.022"/>
  <testcase name="one of each word" classname="exercism.medium.WordCountTest" time="0.0"/>
  <testcase name="multiple occurrences of a word" classname="exercism.medium.WordCountTest" time="0.0"/>
  <testcase name="heading substring" classname="exercism.medium.WordCountTest" time="0.0"/>
  <testcase name="quotations are allowed" classname="exercism.medium.WordCountTest" time="0.001"/>
  <testcase name="case insensitive" classname="exercism.medium.WordCountTest" time="0.0"/>
  <testcase name="cramped list" classname="exercism.medium.WordCountTest" time="0.0"/>
  <testcase name="punctuation is ignored" classname="exercism.medium.WordCountTest" time="0.0"/>
  <testcase name="various separators" classname="exercism.medium.WordCountTest" time="0.0"/>
  <testcase name="apostrophes are allowed" classname="exercism.medium.WordCountTest" time="0.001"/>
  <testcase name="expanded list" classname="exercism.medium.WordCountTest" time="0.001"/>
  <testcase name="one word" classname="exercism.medium.WordCountTest" time="0.0"/>
  <testcase name="multiple spaces" classname="exercism.medium.WordCountTest" time="0.001"/>
  <system-out><![CDATA[]]></system-out>
  <system-err><![CDATA[]]></system-err>
</testsuite>
