<?xml version="1.0" encoding="UTF-8"?>
<testsuite name="exercism.medium.BankAccountTest" tests="5" skipped="0" failures="0" errors="0" timestamp="2022-01-04T02:08:52" hostname="LAPTOP-CEEK0J9S" time="34.669">
  <properties/>
  <testcase name="zeroBalanceWhenOpened" classname="exercism.medium.BankAccountTest" time="0.003"/>
  <testcase name="closedAccountCannotBeAdjusted" classname="exercism.medium.BankAccountTest" time="0.048"/>
  <testcase name="closedAccountHasNoBalance" classname="exercism.medium.BankAccountTest" time="0.0"/>
  <testcase name="concurrentBalanceAdjustments" classname="exercism.medium.BankAccountTest" time="34.617"/>
  <testcase name="sequentialBalanceAdjustments" classname="exercism.medium.BankAccountTest" time="0.0"/>
  <system-out><![CDATA[]]></system-out>
  <system-err><![CDATA[]]></system-err>
</testsuite>
