<?xml version="1.0" encoding="UTF-8"?>
<testsuite name="exercism.medium.SaddlePointsTest" tests="8" skipped="0" failures="0" errors="0" timestamp="2021-10-29T07:59:18" hostname="LAPTOP-CEEK0J9S" time="0.043">
  <properties/>
  <testcase name="no saddle points for nonempty matrix" classname="exercism.medium.SaddlePointsTest" time="0.033"/>
  <testcase name="saddle point in bottom right corner" classname="exercism.medium.SaddlePointsTest" time="0.001"/>
  <testcase name="no saddle points for empty matrix" classname="exercism.medium.SaddlePointsTest" time="0.001"/>
  <testcase name="multiple saddle points in a column" classname="exercism.medium.SaddlePointsTest" time="0.007"/>
  <testcase name="saddle points in a single column matrix" classname="exercism.medium.SaddlePointsTest" time="0.001"/>
  <testcase name="multiple saddle points in a row" classname="exercism.medium.SaddlePointsTest" time="0.0"/>
  <testcase name="single saddle point" classname="exercism.medium.SaddlePointsTest" time="0.0"/>
  <testcase name="saddle points in a single row matrix" classname="exercism.medium.SaddlePointsTest" time="0.0"/>
  <system-out><![CDATA[]]></system-out>
  <system-err><![CDATA[]]></system-err>
</testsuite>
